<?xml version="1.0" encoding="UTF-8"?>
<testng-results ignored="0" total="1" passed="1" failed="0" skipped="0">
  <reporter-output>
  </reporter-output>
  <suite started-at="2024-04-04T19:19:08 IST" name="InetBankingV1" finished-at="2024-04-04T19:19:30 IST" duration-ms="21430">
    <groups>
    </groups>
    <test started-at="2024-04-04T19:19:08 IST" name="BankingApp Test" finished-at="2024-04-04T19:19:30 IST" duration-ms="21430">
      <class name="com.inetbanking.testCases.TC_AddCustomerTest_003">
        <test-method is-config="true" signature="setup(java.lang.String)[pri:0, instance:com.inetbanking.testCases.TC_AddCustomerTest_003@5b8dfcc1]" started-at="2024-04-04T19:19:08 IST" name="setup" finished-at="2024-04-04T19:19:14 IST" duration-ms="5572" status="PASS">
          <params>
            <param index="0">
              <value>
                <![CDATA[chrome]]>
              </value>
            </param>
          </params>
          <reporter-output>
          </reporter-output>
        </test-method> <!-- setup -->
        <test-method signature="addNewCustomer()[pri:0, instance:com.inetbanking.testCases.TC_AddCustomerTest_003@5b8dfcc1]" started-at="2024-04-04T19:19:14 IST" name="addNewCustomer" finished-at="2024-04-04T19:19:30 IST" duration-ms="15514" status="PASS">
          <reporter-output>
          </reporter-output>
        </test-method> <!-- addNewCustomer -->
        <test-method is-config="true" signature="tearDown()[pri:0, instance:com.inetbanking.testCases.TC_AddCustomerTest_003@5b8dfcc1]" started-at="2024-04-04T19:19:30 IST" name="tearDown" finished-at="2024-04-04T19:19:30 IST" duration-ms="226" status="PASS">
          <reporter-output>
          </reporter-output>
        </test-method> <!-- tearDown -->
      </class> <!-- com.inetbanking.testCases.TC_AddCustomerTest_003 -->
    </test> <!-- BankingApp Test -->
  </suite> <!-- InetBankingV1 -->
</testng-results>
