<?xml version="1.0" encoding="UTF-8"?>
<testng-results ignored="0" total="1" passed="1" failed="0" skipped="0">
  <reporter-output>
  </reporter-output>
  <suite started-at="2024-04-04T17:15:57 IST" name="InetBankingV1" finished-at="2024-04-04T17:16:18 IST" duration-ms="20691">
    <groups>
    </groups>
    <test started-at="2024-04-04T17:15:57 IST" name="BankingApp Test" finished-at="2024-04-04T17:16:18 IST" duration-ms="20691">
      <class name="com.inetbanking.testCases.TC_AddCustomerTest_003">
        <test-method is-config="true" signature="setup(java.lang.String)[pri:0, instance:com.inetbanking.testCases.TC_AddCustomerTest_003@45c7e403]" started-at="2024-04-04T17:15:57 IST" name="setup" finished-at="2024-04-04T17:16:02 IST" duration-ms="4807" status="PASS">
          <params>
            <param index="0">
              <value>
                <![CDATA[chrome]]>
              </value>
            </param>
          </params>
          <reporter-output>
          </reporter-output>
        </test-method> <!-- setup -->
        <test-method signature="addNewCustomer()[pri:0, instance:com.inetbanking.testCases.TC_AddCustomerTest_003@45c7e403]" started-at="2024-04-04T17:16:02 IST" name="addNewCustomer" finished-at="2024-04-04T17:16:18 IST" duration-ms="15735" status="PASS">
          <reporter-output>
          </reporter-output>
        </test-method> <!-- addNewCustomer -->
        <test-method is-config="true" signature="tearDown()[pri:0, instance:com.inetbanking.testCases.TC_AddCustomerTest_003@45c7e403]" started-at="2024-04-04T17:16:18 IST" name="tearDown" finished-at="2024-04-04T17:16:18 IST" duration-ms="0" status="PASS">
          <reporter-output>
          </reporter-output>
        </test-method> <!-- tearDown -->
      </class> <!-- com.inetbanking.testCases.TC_AddCustomerTest_003 -->
    </test> <!-- BankingApp Test -->
  </suite> <!-- InetBankingV1 -->
</testng-results>
